2014/09/29 13:19:45 [error] [exception.CException] exception 'CException' with message 'El alias "Hzl.google.HzlVisualizationChart" es inválido. Asegúrese de que apunta a un directorio o archivo existente.' in /var/www/yii/framework/YiiBase.php:347
Stack trace:
#0 /var/www/yii/framework/web/CWidgetFactory.php(146): YiiBase::import('Hzl.google.HzlV...', true)
#1 /var/www/yii/framework/web/CBaseController.php(146): CWidgetFactory->createWidget(Object(reportsController), 'Hzl.google.HzlV...', Array)
#2 /var/www/yii/framework/web/CBaseController.php(172): CBaseController->createWidget('Hzl.google.HzlV...', Array)
#3 /var/www/facsa/protected/views/reports/index.php(59): CBaseController->widget('Hzl.google.HzlV...', Array)
#4 /var/www/yii/framework/web/CBaseController.php(126): require('/var/www/facsa/...')
#5 /var/www/yii/framework/web/CBaseController.php(95): CBaseController->renderInternal('/var/www/facsa/...', Array, true)
#6 /var/www/yii/framework/web/CController.php(869): CBaseController->renderFile('/var/www/facsa/...', Array, true)
#7 /var/www/yii/framework/web/CController.php(782): CController->renderPartial('index', Array, true)
#8 /var/www/facsa/protected/controllers/ReportsController.php(128): CController->render('index', Array)
#9 /var/www/yii/framework/web/actions/CInlineAction.php(49): reportsController->actionIndex()
#10 /var/www/yii/framework/web/CController.php(308): CInlineAction->runWithParams(Array)
#11 /var/www/yii/framework/web/filters/CFilterChain.php(133): CController->runAction(Object(CInlineAction))
#12 /var/www/yii/framework/web/filters/CFilter.php(40): CFilterChain->run()
#13 /var/www/yii/framework/web/CController.php(1145): CFilter->filter(Object(CFilterChain))
#14 /var/www/yii/framework/web/filters/CInlineFilter.php(58): CController->filterAccessControl(Object(CFilterChain))
#15 /var/www/yii/framework/web/filters/CFilterChain.php(130): CInlineFilter->filter(Object(CFilterChain))
#16 /var/www/yii/framework/web/CController.php(291): CFilterChain->run()
#17 /var/www/yii/framework/web/CController.php(265): CController->runActionWithFilters(Object(CInlineAction), Array)
#18 /var/www/yii/framework/web/CWebApplication.php(282): CController->run('')
#19 /var/www/yii/framework/web/CWebApplication.php(141): CWebApplication->runController('reports')
#20 /var/www/yii/framework/base/CApplication.php(180): CWebApplication->processRequest()
#21 /var/www/facsa/index.php(13): CApplication->run()
#22 {main}
REQUEST_URI=/facsa/index.php?r=reports
HTTP_REFERER=http://localhost/facsa/index.php
---
2014/09/29 13:19:52 [error] [exception.CException] exception 'CException' with message 'El alias "extensions.Hzl.google.HzlVisualizationChart" es inválido. Asegúrese de que apunta a un directorio o archivo existente.' in /var/www/yii/framework/YiiBase.php:347
Stack trace:
#0 /var/www/yii/framework/web/CWidgetFactory.php(146): YiiBase::import('extensions.Hzl....', true)
#1 /var/www/yii/framework/web/CBaseController.php(146): CWidgetFactory->createWidget(Object(reportsController), 'extensions.Hzl....', Array)
#2 /var/www/yii/framework/web/CBaseController.php(172): CBaseController->createWidget('extensions.Hzl....', Array)
#3 /var/www/facsa/protected/views/reports/index.php(59): CBaseController->widget('extensions.Hzl....', Array)
#4 /var/www/yii/framework/web/CBaseController.php(126): require('/var/www/facsa/...')
#5 /var/www/yii/framework/web/CBaseController.php(95): CBaseController->renderInternal('/var/www/facsa/...', Array, true)
#6 /var/www/yii/framework/web/CController.php(869): CBaseController->renderFile('/var/www/facsa/...', Array, true)
#7 /var/www/yii/framework/web/CController.php(782): CController->renderPartial('index', Array, true)
#8 /var/www/facsa/protected/controllers/ReportsController.php(128): CController->render('index', Array)
#9 /var/www/yii/framework/web/actions/CInlineAction.php(49): reportsController->actionIndex()
#10 /var/www/yii/framework/web/CController.php(308): CInlineAction->runWithParams(Array)
#11 /var/www/yii/framework/web/filters/CFilterChain.php(133): CController->runAction(Object(CInlineAction))
#12 /var/www/yii/framework/web/filters/CFilter.php(40): CFilterChain->run()
#13 /var/www/yii/framework/web/CController.php(1145): CFilter->filter(Object(CFilterChain))
#14 /var/www/yii/framework/web/filters/CInlineFilter.php(58): CController->filterAccessControl(Object(CFilterChain))
#15 /var/www/yii/framework/web/filters/CFilterChain.php(130): CInlineFilter->filter(Object(CFilterChain))
#16 /var/www/yii/framework/web/CController.php(291): CFilterChain->run()
#17 /var/www/yii/framework/web/CController.php(265): CController->runActionWithFilters(Object(CInlineAction), Array)
#18 /var/www/yii/framework/web/CWebApplication.php(282): CController->run('')
#19 /var/www/yii/framework/web/CWebApplication.php(141): CWebApplication->runController('reports')
#20 /var/www/yii/framework/base/CApplication.php(180): CWebApplication->processRequest()
#21 /var/www/facsa/index.php(13): CApplication->run()
#22 {main}
REQUEST_URI=/facsa/index.php?r=reports
HTTP_REFERER=http://localhost/facsa/index.php
---
2014/09/29 13:22:00 [error] [exception.CException] exception 'CException' with message 'El alias "application.extensions.Hzl.google.HzlVisualizationChart" es inválido. Asegúrese de que apunta a un archivo PHP existente y que el archivo tiene permisos de lectura.' in /var/www/yii/framework/YiiBase.php:322
Stack trace:
#0 /var/www/yii/framework/web/CWidgetFactory.php(146): YiiBase::import('application.ext...', true)
#1 /var/www/yii/framework/web/CBaseController.php(146): CWidgetFactory->createWidget(Object(reportsController), 'application.ext...', Array)
#2 /var/www/yii/framework/web/CBaseController.php(172): CBaseController->createWidget('application.ext...', Array)
#3 /var/www/facsa/protected/views/reports/index.php(59): CBaseController->widget('application.ext...', Array)
#4 /var/www/yii/framework/web/CBaseController.php(126): require('/var/www/facsa/...')
#5 /var/www/yii/framework/web/CBaseController.php(95): CBaseController->renderInternal('/var/www/facsa/...', Array, true)
#6 /var/www/yii/framework/web/CController.php(869): CBaseController->renderFile('/var/www/facsa/...', Array, true)
#7 /var/www/yii/framework/web/CController.php(782): CController->renderPartial('index', Array, true)
#8 /var/www/facsa/protected/controllers/ReportsController.php(128): CController->render('index', Array)
#9 /var/www/yii/framework/web/actions/CInlineAction.php(49): reportsController->actionIndex()
#10 /var/www/yii/framework/web/CController.php(308): CInlineAction->runWithParams(Array)
#11 /var/www/yii/framework/web/filters/CFilterChain.php(133): CController->runAction(Object(CInlineAction))
#12 /var/www/yii/framework/web/filters/CFilter.php(40): CFilterChain->run()
#13 /var/www/yii/framework/web/CController.php(1145): CFilter->filter(Object(CFilterChain))
#14 /var/www/yii/framework/web/filters/CInlineFilter.php(58): CController->filterAccessControl(Object(CFilterChain))
#15 /var/www/yii/framework/web/filters/CFilterChain.php(130): CInlineFilter->filter(Object(CFilterChain))
#16 /var/www/yii/framework/web/CController.php(291): CFilterChain->run()
#17 /var/www/yii/framework/web/CController.php(265): CController->runActionWithFilters(Object(CInlineAction), Array)
#18 /var/www/yii/framework/web/CWebApplication.php(282): CController->run('')
#19 /var/www/yii/framework/web/CWebApplication.php(141): CWebApplication->runController('reports')
#20 /var/www/yii/framework/base/CApplication.php(180): CWebApplication->processRequest()
#21 /var/www/facsa/index.php(13): CApplication->run()
#22 {main}
REQUEST_URI=/facsa/index.php?r=reports
HTTP_REFERER=http://localhost/facsa/index.php
---
2014/09/29 13:22:12 [error] [exception.CException] exception 'CException' with message 'El alias "extensions.Hzl.google.HzlVisualizationChart" es inválido. Asegúrese de que apunta a un directorio o archivo existente.' in /var/www/yii/framework/YiiBase.php:347
Stack trace:
#0 /var/www/yii/framework/web/CWidgetFactory.php(146): YiiBase::import('extensions.Hzl....', true)
#1 /var/www/yii/framework/web/CBaseController.php(146): CWidgetFactory->createWidget(Object(reportsController), 'extensions.Hzl....', Array)
#2 /var/www/yii/framework/web/CBaseController.php(172): CBaseController->createWidget('extensions.Hzl....', Array)
#3 /var/www/facsa/protected/views/reports/index.php(59): CBaseController->widget('extensions.Hzl....', Array)
#4 /var/www/yii/framework/web/CBaseController.php(126): require('/var/www/facsa/...')
#5 /var/www/yii/framework/web/CBaseController.php(95): CBaseController->renderInternal('/var/www/facsa/...', Array, true)
#6 /var/www/yii/framework/web/CController.php(869): CBaseController->renderFile('/var/www/facsa/...', Array, true)
#7 /var/www/yii/framework/web/CController.php(782): CController->renderPartial('index', Array, true)
#8 /var/www/facsa/protected/controllers/ReportsController.php(128): CController->render('index', Array)
#9 /var/www/yii/framework/web/actions/CInlineAction.php(49): reportsController->actionIndex()
#10 /var/www/yii/framework/web/CController.php(308): CInlineAction->runWithParams(Array)
#11 /var/www/yii/framework/web/filters/CFilterChain.php(133): CController->runAction(Object(CInlineAction))
#12 /var/www/yii/framework/web/filters/CFilter.php(40): CFilterChain->run()
#13 /var/www/yii/framework/web/CController.php(1145): CFilter->filter(Object(CFilterChain))
#14 /var/www/yii/framework/web/filters/CInlineFilter.php(58): CController->filterAccessControl(Object(CFilterChain))
#15 /var/www/yii/framework/web/filters/CFilterChain.php(130): CInlineFilter->filter(Object(CFilterChain))
#16 /var/www/yii/framework/web/CController.php(291): CFilterChain->run()
#17 /var/www/yii/framework/web/CController.php(265): CController->runActionWithFilters(Object(CInlineAction), Array)
#18 /var/www/yii/framework/web/CWebApplication.php(282): CController->run('')
#19 /var/www/yii/framework/web/CWebApplication.php(141): CWebApplication->runController('reports')
#20 /var/www/yii/framework/base/CApplication.php(180): CWebApplication->processRequest()
#21 /var/www/facsa/index.php(13): CApplication->run()
#22 {main}
REQUEST_URI=/facsa/index.php?r=reports
HTTP_REFERER=http://localhost/facsa/index.php
---
2014/09/29 13:22:51 [error] [exception.CException] exception 'CException' with message 'El alias "application.extensions.Hzl.google.HzlVisualizationChart" es inválido. Asegúrese de que apunta a un archivo PHP existente y que el archivo tiene permisos de lectura.' in /var/www/yii/framework/YiiBase.php:322
Stack trace:
#0 /var/www/yii/framework/web/CWidgetFactory.php(146): YiiBase::import('application.ext...', true)
#1 /var/www/yii/framework/web/CBaseController.php(146): CWidgetFactory->createWidget(Object(reportsController), 'application.ext...', Array)
#2 /var/www/yii/framework/web/CBaseController.php(172): CBaseController->createWidget('application.ext...', Array)
#3 /var/www/facsa/protected/views/reports/index.php(59): CBaseController->widget('application.ext...', Array)
#4 /var/www/yii/framework/web/CBaseController.php(126): require('/var/www/facsa/...')
#5 /var/www/yii/framework/web/CBaseController.php(95): CBaseController->renderInternal('/var/www/facsa/...', Array, true)
#6 /var/www/yii/framework/web/CController.php(869): CBaseController->renderFile('/var/www/facsa/...', Array, true)
#7 /var/www/yii/framework/web/CController.php(782): CController->renderPartial('index', Array, true)
#8 /var/www/facsa/protected/controllers/ReportsController.php(128): CController->render('index', Array)
#9 /var/www/yii/framework/web/actions/CInlineAction.php(49): reportsController->actionIndex()
#10 /var/www/yii/framework/web/CController.php(308): CInlineAction->runWithParams(Array)
#11 /var/www/yii/framework/web/filters/CFilterChain.php(133): CController->runAction(Object(CInlineAction))
#12 /var/www/yii/framework/web/filters/CFilter.php(40): CFilterChain->run()
#13 /var/www/yii/framework/web/CController.php(1145): CFilter->filter(Object(CFilterChain))
#14 /var/www/yii/framework/web/filters/CInlineFilter.php(58): CController->filterAccessControl(Object(CFilterChain))
#15 /var/www/yii/framework/web/filters/CFilterChain.php(130): CInlineFilter->filter(Object(CFilterChain))
#16 /var/www/yii/framework/web/CController.php(291): CFilterChain->run()
#17 /var/www/yii/framework/web/CController.php(265): CController->runActionWithFilters(Object(CInlineAction), Array)
#18 /var/www/yii/framework/web/CWebApplication.php(282): CController->run('')
#19 /var/www/yii/framework/web/CWebApplication.php(141): CWebApplication->runController('reports')
#20 /var/www/yii/framework/base/CApplication.php(180): CWebApplication->processRequest()
#21 /var/www/facsa/index.php(13): CApplication->run()
#22 {main}
REQUEST_URI=/facsa/index.php?r=reports
HTTP_REFERER=http://localhost/facsa/index.php
---
2014/09/29 13:23:02 [error] [exception.CException] exception 'CException' with message 'El alias "application.extensions.Hzl.google.HzlVisualizationChart.php" es inválido. Asegúrese de que apunta a un archivo PHP existente y que el archivo tiene permisos de lectura.' in /var/www/yii/framework/YiiBase.php:322
Stack trace:
#0 /var/www/yii/framework/web/CWidgetFactory.php(146): YiiBase::import('application.ext...', true)
#1 /var/www/yii/framework/web/CBaseController.php(146): CWidgetFactory->createWidget(Object(reportsController), 'application.ext...', Array)
#2 /var/www/yii/framework/web/CBaseController.php(172): CBaseController->createWidget('application.ext...', Array)
#3 /var/www/facsa/protected/views/reports/index.php(59): CBaseController->widget('application.ext...', Array)
#4 /var/www/yii/framework/web/CBaseController.php(126): require('/var/www/facsa/...')
#5 /var/www/yii/framework/web/CBaseController.php(95): CBaseController->renderInternal('/var/www/facsa/...', Array, true)
#6 /var/www/yii/framework/web/CController.php(869): CBaseController->renderFile('/var/www/facsa/...', Array, true)
#7 /var/www/yii/framework/web/CController.php(782): CController->renderPartial('index', Array, true)
#8 /var/www/facsa/protected/controllers/ReportsController.php(128): CController->render('index', Array)
#9 /var/www/yii/framework/web/actions/CInlineAction.php(49): reportsController->actionIndex()
#10 /var/www/yii/framework/web/CController.php(308): CInlineAction->runWithParams(Array)
#11 /var/www/yii/framework/web/filters/CFilterChain.php(133): CController->runAction(Object(CInlineAction))
#12 /var/www/yii/framework/web/filters/CFilter.php(40): CFilterChain->run()
#13 /var/www/yii/framework/web/CController.php(1145): CFilter->filter(Object(CFilterChain))
#14 /var/www/yii/framework/web/filters/CInlineFilter.php(58): CController->filterAccessControl(Object(CFilterChain))
#15 /var/www/yii/framework/web/filters/CFilterChain.php(130): CInlineFilter->filter(Object(CFilterChain))
#16 /var/www/yii/framework/web/CController.php(291): CFilterChain->run()
#17 /var/www/yii/framework/web/CController.php(265): CController->runActionWithFilters(Object(CInlineAction), Array)
#18 /var/www/yii/framework/web/CWebApplication.php(282): CController->run('')
#19 /var/www/yii/framework/web/CWebApplication.php(141): CWebApplication->runController('reports')
#20 /var/www/yii/framework/base/CApplication.php(180): CWebApplication->processRequest()
#21 /var/www/facsa/index.php(13): CApplication->run()
#22 {main}
REQUEST_URI=/facsa/index.php?r=reports
HTTP_REFERER=http://localhost/facsa/index.php
---
2014/09/29 13:23:11 [error] [exception.CException] exception 'CException' with message 'El alias "application.extensions.Hzl.google.HzlVisualizationChart" es inválido. Asegúrese de que apunta a un archivo PHP existente y que el archivo tiene permisos de lectura.' in /var/www/yii/framework/YiiBase.php:322
Stack trace:
#0 /var/www/yii/framework/web/CWidgetFactory.php(146): YiiBase::import('application.ext...', true)
#1 /var/www/yii/framework/web/CBaseController.php(146): CWidgetFactory->createWidget(Object(reportsController), 'application.ext...', Array)
#2 /var/www/yii/framework/web/CBaseController.php(172): CBaseController->createWidget('application.ext...', Array)
#3 /var/www/facsa/protected/views/reports/index.php(59): CBaseController->widget('application.ext...', Array)
#4 /var/www/yii/framework/web/CBaseController.php(126): require('/var/www/facsa/...')
#5 /var/www/yii/framework/web/CBaseController.php(95): CBaseController->renderInternal('/var/www/facsa/...', Array, true)
#6 /var/www/yii/framework/web/CController.php(869): CBaseController->renderFile('/var/www/facsa/...', Array, true)
#7 /var/www/yii/framework/web/CController.php(782): CController->renderPartial('index', Array, true)
#8 /var/www/facsa/protected/controllers/ReportsController.php(128): CController->render('index', Array)
#9 /var/www/yii/framework/web/actions/CInlineAction.php(49): reportsController->actionIndex()
#10 /var/www/yii/framework/web/CController.php(308): CInlineAction->runWithParams(Array)
#11 /var/www/yii/framework/web/filters/CFilterChain.php(133): CController->runAction(Object(CInlineAction))
#12 /var/www/yii/framework/web/filters/CFilter.php(40): CFilterChain->run()
#13 /var/www/yii/framework/web/CController.php(1145): CFilter->filter(Object(CFilterChain))
#14 /var/www/yii/framework/web/filters/CInlineFilter.php(58): CController->filterAccessControl(Object(CFilterChain))
#15 /var/www/yii/framework/web/filters/CFilterChain.php(130): CInlineFilter->filter(Object(CFilterChain))
#16 /var/www/yii/framework/web/CController.php(291): CFilterChain->run()
#17 /var/www/yii/framework/web/CController.php(265): CController->runActionWithFilters(Object(CInlineAction), Array)
#18 /var/www/yii/framework/web/CWebApplication.php(282): CController->run('')
#19 /var/www/yii/framework/web/CWebApplication.php(141): CWebApplication->runController('reports')
#20 /var/www/yii/framework/base/CApplication.php(180): CWebApplication->processRequest()
#21 /var/www/facsa/index.php(13): CApplication->run()
#22 {main}
REQUEST_URI=/facsa/index.php?r=reports
HTTP_REFERER=http://localhost/facsa/index.php
---
2014/09/29 15:29:09 [error] [exception.CException] exception 'CException' with message 'El alias "application.extensions.Hzl.google.HzlVisualizationChart" es inválido. Asegúrese de que apunta a un archivo PHP existente y que el archivo tiene permisos de lectura.' in /var/www/yii/framework/YiiBase.php:322
Stack trace:
#0 /var/www/yii/framework/web/CWidgetFactory.php(146): YiiBase::import('application.ext...', true)
#1 /var/www/yii/framework/web/CBaseController.php(146): CWidgetFactory->createWidget(Object(reportsController), 'application.ext...', Array)
#2 /var/www/yii/framework/web/CBaseController.php(172): CBaseController->createWidget('application.ext...', Array)
#3 /var/www/facsa/protected/views/reports/index.php(59): CBaseController->widget('application.ext...', Array)
#4 /var/www/yii/framework/web/CBaseController.php(126): require('/var/www/facsa/...')
#5 /var/www/yii/framework/web/CBaseController.php(95): CBaseController->renderInternal('/var/www/facsa/...', Array, true)
#6 /var/www/yii/framework/web/CController.php(869): CBaseController->renderFile('/var/www/facsa/...', Array, true)
#7 /var/www/yii/framework/web/CController.php(782): CController->renderPartial('index', Array, true)
#8 /var/www/facsa/protected/controllers/ReportsController.php(128): CController->render('index', Array)
#9 /var/www/yii/framework/web/actions/CInlineAction.php(49): reportsController->actionIndex()
#10 /var/www/yii/framework/web/CController.php(308): CInlineAction->runWithParams(Array)
#11 /var/www/yii/framework/web/filters/CFilterChain.php(133): CController->runAction(Object(CInlineAction))
#12 /var/www/yii/framework/web/filters/CFilter.php(40): CFilterChain->run()
#13 /var/www/yii/framework/web/CController.php(1145): CFilter->filter(Object(CFilterChain))
#14 /var/www/yii/framework/web/filters/CInlineFilter.php(58): CController->filterAccessControl(Object(CFilterChain))
#15 /var/www/yii/framework/web/filters/CFilterChain.php(130): CInlineFilter->filter(Object(CFilterChain))
#16 /var/www/yii/framework/web/CController.php(291): CFilterChain->run()
#17 /var/www/yii/framework/web/CController.php(265): CController->runActionWithFilters(Object(CInlineAction), Array)
#18 /var/www/yii/framework/web/CWebApplication.php(282): CController->run('')
#19 /var/www/yii/framework/web/CWebApplication.php(141): CWebApplication->runController('reports')
#20 /var/www/yii/framework/base/CApplication.php(180): CWebApplication->processRequest()
#21 /var/www/facsa/index.php(13): CApplication->run()
#22 {main}
REQUEST_URI=/facsa/index.php?r=reports
HTTP_REFERER=http://localhost/facsa/index.php
---
2014/09/30 07:33:15 [error] [exception.CException] exception 'CException' with message 'El alias "application.extensions.Hzl.google.HzlVisualizationChart" es inválido. Asegúrese de que apunta a un archivo PHP existente y que el archivo tiene permisos de lectura.' in /var/www/yii/framework/YiiBase.php:322
Stack trace:
#0 /var/www/yii/framework/web/CWidgetFactory.php(146): YiiBase::import('application.ext...', true)
#1 /var/www/yii/framework/web/CBaseController.php(146): CWidgetFactory->createWidget(Object(reportsController), 'application.ext...', Array)
#2 /var/www/yii/framework/web/CBaseController.php(172): CBaseController->createWidget('application.ext...', Array)
#3 /var/www/facsa/protected/views/reports/index.php(59): CBaseController->widget('application.ext...', Array)
#4 /var/www/yii/framework/web/CBaseController.php(126): require('/var/www/facsa/...')
#5 /var/www/yii/framework/web/CBaseController.php(95): CBaseController->renderInternal('/var/www/facsa/...', Array, true)
#6 /var/www/yii/framework/web/CController.php(869): CBaseController->renderFile('/var/www/facsa/...', Array, true)
#7 /var/www/yii/framework/web/CController.php(782): CController->renderPartial('index', Array, true)
#8 /var/www/facsa/protected/controllers/ReportsController.php(128): CController->render('index', Array)
#9 /var/www/yii/framework/web/actions/CInlineAction.php(49): reportsController->actionIndex()
#10 /var/www/yii/framework/web/CController.php(308): CInlineAction->runWithParams(Array)
#11 /var/www/yii/framework/web/filters/CFilterChain.php(133): CController->runAction(Object(CInlineAction))
#12 /var/www/yii/framework/web/filters/CFilter.php(40): CFilterChain->run()
#13 /var/www/yii/framework/web/CController.php(1145): CFilter->filter(Object(CFilterChain))
#14 /var/www/yii/framework/web/filters/CInlineFilter.php(58): CController->filterAccessControl(Object(CFilterChain))
#15 /var/www/yii/framework/web/filters/CFilterChain.php(130): CInlineFilter->filter(Object(CFilterChain))
#16 /var/www/yii/framework/web/CController.php(291): CFilterChain->run()
#17 /var/www/yii/framework/web/CController.php(265): CController->runActionWithFilters(Object(CInlineAction), Array)
#18 /var/www/yii/framework/web/CWebApplication.php(282): CController->run('')
#19 /var/www/yii/framework/web/CWebApplication.php(141): CWebApplication->runController('reports')
#20 /var/www/yii/framework/base/CApplication.php(180): CWebApplication->processRequest()
#21 /var/www/facsa/index.php(13): CApplication->run()
#22 {main}
REQUEST_URI=/facsa/index.php?r=reports
HTTP_REFERER=http://localhost/facsa/index.php
---
2014/09/30 07:33:48 [error] [exception.CException] exception 'CException' with message 'El alias "application.extensions.Hzl.google.HzlVisualizationChart" es inválido. Asegúrese de que apunta a un archivo PHP existente y que el archivo tiene permisos de lectura.' in /var/www/yii/framework/YiiBase.php:322
Stack trace:
#0 /var/www/yii/framework/web/CWidgetFactory.php(146): YiiBase::import('application.ext...', true)
#1 /var/www/yii/framework/web/CBaseController.php(146): CWidgetFactory->createWidget(Object(reportsController), 'application.ext...', Array)
#2 /var/www/yii/framework/web/CBaseController.php(172): CBaseController->createWidget('application.ext...', Array)
#3 /var/www/facsa/protected/views/reports/index.php(59): CBaseController->widget('application.ext...', Array)
#4 /var/www/yii/framework/web/CBaseController.php(126): require('/var/www/facsa/...')
#5 /var/www/yii/framework/web/CBaseController.php(95): CBaseController->renderInternal('/var/www/facsa/...', Array, true)
#6 /var/www/yii/framework/web/CController.php(869): CBaseController->renderFile('/var/www/facsa/...', Array, true)
#7 /var/www/yii/framework/web/CController.php(782): CController->renderPartial('index', Array, true)
#8 /var/www/facsa/protected/controllers/ReportsController.php(128): CController->render('index', Array)
#9 /var/www/yii/framework/web/actions/CInlineAction.php(49): reportsController->actionIndex()
#10 /var/www/yii/framework/web/CController.php(308): CInlineAction->runWithParams(Array)
#11 /var/www/yii/framework/web/filters/CFilterChain.php(133): CController->runAction(Object(CInlineAction))
#12 /var/www/yii/framework/web/filters/CFilter.php(40): CFilterChain->run()
#13 /var/www/yii/framework/web/CController.php(1145): CFilter->filter(Object(CFilterChain))
#14 /var/www/yii/framework/web/filters/CInlineFilter.php(58): CController->filterAccessControl(Object(CFilterChain))
#15 /var/www/yii/framework/web/filters/CFilterChain.php(130): CInlineFilter->filter(Object(CFilterChain))
#16 /var/www/yii/framework/web/CController.php(291): CFilterChain->run()
#17 /var/www/yii/framework/web/CController.php(265): CController->runActionWithFilters(Object(CInlineAction), Array)
#18 /var/www/yii/framework/web/CWebApplication.php(282): CController->run('')
#19 /var/www/yii/framework/web/CWebApplication.php(141): CWebApplication->runController('reports')
#20 /var/www/yii/framework/base/CApplication.php(180): CWebApplication->processRequest()
#21 /var/www/facsa/index.php(13): CApplication->run()
#22 {main}
REQUEST_URI=/facsa/index.php?r=reports
HTTP_REFERER=http://localhost/facsa/index.php
---
2014/09/30 07:34:40 [error] [exception.CException] exception 'CException' with message 'El alias "extensions.Hzl.google.HzlVisualizationChart" es inválido. Asegúrese de que apunta a un directorio o archivo existente.' in /var/www/yii/framework/YiiBase.php:347
Stack trace:
#0 /var/www/yii/framework/web/CWidgetFactory.php(146): YiiBase::import('extensions.Hzl....', true)
#1 /var/www/yii/framework/web/CBaseController.php(146): CWidgetFactory->createWidget(Object(reportsController), 'extensions.Hzl....', Array)
#2 /var/www/yii/framework/web/CBaseController.php(172): CBaseController->createWidget('extensions.Hzl....', Array)
#3 /var/www/facsa/protected/views/reports/index.php(75): CBaseController->widget('extensions.Hzl....', Array)
#4 /var/www/yii/framework/web/CBaseController.php(126): require('/var/www/facsa/...')
#5 /var/www/yii/framework/web/CBaseController.php(95): CBaseController->renderInternal('/var/www/facsa/...', Array, true)
#6 /var/www/yii/framework/web/CController.php(869): CBaseController->renderFile('/var/www/facsa/...', Array, true)
#7 /var/www/yii/framework/web/CController.php(782): CController->renderPartial('index', Array, true)
#8 /var/www/facsa/protected/controllers/ReportsController.php(128): CController->render('index', Array)
#9 /var/www/yii/framework/web/actions/CInlineAction.php(49): reportsController->actionIndex()
#10 /var/www/yii/framework/web/CController.php(308): CInlineAction->runWithParams(Array)
#11 /var/www/yii/framework/web/filters/CFilterChain.php(133): CController->runAction(Object(CInlineAction))
#12 /var/www/yii/framework/web/filters/CFilter.php(40): CFilterChain->run()
#13 /var/www/yii/framework/web/CController.php(1145): CFilter->filter(Object(CFilterChain))
#14 /var/www/yii/framework/web/filters/CInlineFilter.php(58): CController->filterAccessControl(Object(CFilterChain))
#15 /var/www/yii/framework/web/filters/CFilterChain.php(130): CInlineFilter->filter(Object(CFilterChain))
#16 /var/www/yii/framework/web/CController.php(291): CFilterChain->run()
#17 /var/www/yii/framework/web/CController.php(265): CController->runActionWithFilters(Object(CInlineAction), Array)
#18 /var/www/yii/framework/web/CWebApplication.php(282): CController->run('')
#19 /var/www/yii/framework/web/CWebApplication.php(141): CWebApplication->runController('reports')
#20 /var/www/yii/framework/base/CApplication.php(180): CWebApplication->processRequest()
#21 /var/www/facsa/index.php(13): CApplication->run()
#22 {main}
REQUEST_URI=/facsa/index.php?r=reports
HTTP_REFERER=http://localhost/facsa/index.php
---
2014/09/30 07:34:49 [error] [exception.CException] exception 'CException' with message 'El alias "applicaction.extensions.Hzl.google.HzlVisualizationChart" es inválido. Asegúrese de que apunta a un directorio o archivo existente.' in /var/www/yii/framework/YiiBase.php:347
Stack trace:
#0 /var/www/yii/framework/web/CWidgetFactory.php(146): YiiBase::import('applicaction.ex...', true)
#1 /var/www/yii/framework/web/CBaseController.php(146): CWidgetFactory->createWidget(Object(reportsController), 'applicaction.ex...', Array)
#2 /var/www/yii/framework/web/CBaseController.php(172): CBaseController->createWidget('applicaction.ex...', Array)
#3 /var/www/facsa/protected/views/reports/index.php(75): CBaseController->widget('applicaction.ex...', Array)
#4 /var/www/yii/framework/web/CBaseController.php(126): require('/var/www/facsa/...')
#5 /var/www/yii/framework/web/CBaseController.php(95): CBaseController->renderInternal('/var/www/facsa/...', Array, true)
#6 /var/www/yii/framework/web/CController.php(869): CBaseController->renderFile('/var/www/facsa/...', Array, true)
#7 /var/www/yii/framework/web/CController.php(782): CController->renderPartial('index', Array, true)
#8 /var/www/facsa/protected/controllers/ReportsController.php(128): CController->render('index', Array)
#9 /var/www/yii/framework/web/actions/CInlineAction.php(49): reportsController->actionIndex()
#10 /var/www/yii/framework/web/CController.php(308): CInlineAction->runWithParams(Array)
#11 /var/www/yii/framework/web/filters/CFilterChain.php(133): CController->runAction(Object(CInlineAction))
#12 /var/www/yii/framework/web/filters/CFilter.php(40): CFilterChain->run()
#13 /var/www/yii/framework/web/CController.php(1145): CFilter->filter(Object(CFilterChain))
#14 /var/www/yii/framework/web/filters/CInlineFilter.php(58): CController->filterAccessControl(Object(CFilterChain))
#15 /var/www/yii/framework/web/filters/CFilterChain.php(130): CInlineFilter->filter(Object(CFilterChain))
#16 /var/www/yii/framework/web/CController.php(291): CFilterChain->run()
#17 /var/www/yii/framework/web/CController.php(265): CController->runActionWithFilters(Object(CInlineAction), Array)
#18 /var/www/yii/framework/web/CWebApplication.php(282): CController->run('')
#19 /var/www/yii/framework/web/CWebApplication.php(141): CWebApplication->runController('reports')
#20 /var/www/yii/framework/base/CApplication.php(180): CWebApplication->processRequest()
#21 /var/www/facsa/index.php(13): CApplication->run()
#22 {main}
REQUEST_URI=/facsa/index.php?r=reports
HTTP_REFERER=http://localhost/facsa/index.php
---
2014/09/30 07:34:55 [error] [exception.CException] exception 'CException' with message 'El alias "applicaction.Hzl.google.HzlVisualizationChart" es inválido. Asegúrese de que apunta a un directorio o archivo existente.' in /var/www/yii/framework/YiiBase.php:347
Stack trace:
#0 /var/www/yii/framework/web/CWidgetFactory.php(146): YiiBase::import('applicaction.Hz...', true)
#1 /var/www/yii/framework/web/CBaseController.php(146): CWidgetFactory->createWidget(Object(reportsController), 'applicaction.Hz...', Array)
#2 /var/www/yii/framework/web/CBaseController.php(172): CBaseController->createWidget('applicaction.Hz...', Array)
#3 /var/www/facsa/protected/views/reports/index.php(75): CBaseController->widget('applicaction.Hz...', Array)
#4 /var/www/yii/framework/web/CBaseController.php(126): require('/var/www/facsa/...')
#5 /var/www/yii/framework/web/CBaseController.php(95): CBaseController->renderInternal('/var/www/facsa/...', Array, true)
#6 /var/www/yii/framework/web/CController.php(869): CBaseController->renderFile('/var/www/facsa/...', Array, true)
#7 /var/www/yii/framework/web/CController.php(782): CController->renderPartial('index', Array, true)
#8 /var/www/facsa/protected/controllers/ReportsController.php(128): CController->render('index', Array)
#9 /var/www/yii/framework/web/actions/CInlineAction.php(49): reportsController->actionIndex()
#10 /var/www/yii/framework/web/CController.php(308): CInlineAction->runWithParams(Array)
#11 /var/www/yii/framework/web/filters/CFilterChain.php(133): CController->runAction(Object(CInlineAction))
#12 /var/www/yii/framework/web/filters/CFilter.php(40): CFilterChain->run()
#13 /var/www/yii/framework/web/CController.php(1145): CFilter->filter(Object(CFilterChain))
#14 /var/www/yii/framework/web/filters/CInlineFilter.php(58): CController->filterAccessControl(Object(CFilterChain))
#15 /var/www/yii/framework/web/filters/CFilterChain.php(130): CInlineFilter->filter(Object(CFilterChain))
#16 /var/www/yii/framework/web/CController.php(291): CFilterChain->run()
#17 /var/www/yii/framework/web/CController.php(265): CController->runActionWithFilters(Object(CInlineAction), Array)
#18 /var/www/yii/framework/web/CWebApplication.php(282): CController->run('')
#19 /var/www/yii/framework/web/CWebApplication.php(141): CWebApplication->runController('reports')
#20 /var/www/yii/framework/base/CApplication.php(180): CWebApplication->processRequest()
#21 /var/www/facsa/index.php(13): CApplication->run()
#22 {main}
REQUEST_URI=/facsa/index.php?r=reports
HTTP_REFERER=http://localhost/facsa/index.php
---
2014/09/30 07:41:07 [error] [php] Trying to get property of non-object (/var/www/facsa/protected/views/reports/index.php:45)
Stack trace:
#0 /var/www/yii/framework/web/CController.php(869): reportsController->renderFile()
#1 /var/www/yii/framework/web/CController.php(782): reportsController->renderPartial()
#2 /var/www/facsa/protected/controllers/ReportsController.php(128): reportsController->render()
#3 /var/www/yii/framework/web/actions/CInlineAction.php(49): reportsController->actionIndex()
#4 /var/www/yii/framework/web/CController.php(308): CInlineAction->runWithParams()
#5 /var/www/yii/framework/web/filters/CFilterChain.php(133): reportsController->runAction()
#6 /var/www/yii/framework/web/filters/CFilter.php(40): CFilterChain->run()
#7 /var/www/yii/framework/web/CController.php(1145): CAccessControlFilter->filter()
#8 /var/www/yii/framework/web/filters/CInlineFilter.php(58): reportsController->filterAccessControl()
#9 /var/www/yii/framework/web/filters/CFilterChain.php(130): CInlineFilter->filter()
#10 /var/www/yii/framework/web/CController.php(291): CFilterChain->run()
#11 /var/www/yii/framework/web/CController.php(265): reportsController->runActionWithFilters()
#12 /var/www/yii/framework/web/CWebApplication.php(282): reportsController->run()
#13 /var/www/yii/framework/web/CWebApplication.php(141): CWebApplication->runController()
#14 /var/www/yii/framework/base/CApplication.php(180): CWebApplication->processRequest()
#15 /var/www/facsa/index.php(13): CWebApplication->run()
REQUEST_URI=/facsa/index.php?r=reports
in /var/www/facsa/protected/views/reports/index.php (45)
in /var/www/facsa/protected/controllers/ReportsController.php (128)
in /var/www/facsa/index.php (13)
2014/09/30 07:45:43 [error] [php] Missing argument 1 for EOFC2::setData(), called in /var/www/facsa/protected/views/reports/index.php on line 45 and defined (/var/www/facsa/protected/modules/yiiopenflashchart/EOFC2.php:315)
Stack trace:
#0 /var/www/yii/framework/web/CBaseController.php(95): reportsController->renderInternal()
#1 /var/www/yii/framework/web/CController.php(869): reportsController->renderFile()
#2 /var/www/yii/framework/web/CController.php(782): reportsController->renderPartial()
#3 /var/www/facsa/protected/controllers/ReportsController.php(128): reportsController->render()
#4 /var/www/yii/framework/web/actions/CInlineAction.php(49): reportsController->actionIndex()
#5 /var/www/yii/framework/web/CController.php(308): CInlineAction->runWithParams()
#6 /var/www/yii/framework/web/filters/CFilterChain.php(133): reportsController->runAction()
#7 /var/www/yii/framework/web/filters/CFilter.php(40): CFilterChain->run()
#8 /var/www/yii/framework/web/CController.php(1145): CAccessControlFilter->filter()
#9 /var/www/yii/framework/web/filters/CInlineFilter.php(58): reportsController->filterAccessControl()
#10 /var/www/yii/framework/web/filters/CFilterChain.php(130): CInlineFilter->filter()
#11 /var/www/yii/framework/web/CController.php(291): CFilterChain->run()
#12 /var/www/yii/framework/web/CController.php(265): reportsController->runActionWithFilters()
#13 /var/www/yii/framework/web/CWebApplication.php(282): reportsController->run()
#14 /var/www/yii/framework/web/CWebApplication.php(141): CWebApplication->runController()
#15 /var/www/yii/framework/base/CApplication.php(180): CWebApplication->processRequest()
#16 /var/www/facsa/index.php(13): CWebApplication->run()
REQUEST_URI=/facsa/index.php?r=reports
in /var/www/facsa/protected/modules/yiiopenflashchart/EOFC2.php (315)
in /var/www/facsa/protected/views/reports/index.php (45)
in /var/www/facsa/protected/controllers/ReportsController.php (128)
2014/09/30 07:50:17 [error] [php] Undefined variable: a (/var/www/facsa/protected/views/reports/index.php:51)
Stack trace:
#0 /var/www/yii/framework/web/CController.php(869): reportsController->renderFile()
#1 /var/www/yii/framework/web/CController.php(782): reportsController->renderPartial()
#2 /var/www/facsa/protected/controllers/ReportsController.php(128): reportsController->render()
#3 /var/www/yii/framework/web/actions/CInlineAction.php(49): reportsController->actionIndex()
#4 /var/www/yii/framework/web/CController.php(308): CInlineAction->runWithParams()
#5 /var/www/yii/framework/web/filters/CFilterChain.php(133): reportsController->runAction()
#6 /var/www/yii/framework/web/filters/CFilter.php(40): CFilterChain->run()
#7 /var/www/yii/framework/web/CController.php(1145): CAccessControlFilter->filter()
#8 /var/www/yii/framework/web/filters/CInlineFilter.php(58): reportsController->filterAccessControl()
#9 /var/www/yii/framework/web/filters/CFilterChain.php(130): CInlineFilter->filter()
#10 /var/www/yii/framework/web/CController.php(291): CFilterChain->run()
#11 /var/www/yii/framework/web/CController.php(265): reportsController->runActionWithFilters()
#12 /var/www/yii/framework/web/CWebApplication.php(282): reportsController->run()
#13 /var/www/yii/framework/web/CWebApplication.php(141): CWebApplication->runController()
#14 /var/www/yii/framework/base/CApplication.php(180): CWebApplication->processRequest()
#15 /var/www/facsa/index.php(13): CWebApplication->run()
REQUEST_URI=/facsa/index.php?r=reports
in /var/www/facsa/protected/views/reports/index.php (51)
in /var/www/facsa/protected/controllers/ReportsController.php (128)
in /var/www/facsa/index.php (13)
2014/09/30 07:51:08 [error] [php] Undefined variable: setData (/var/www/facsa/protected/views/reports/index.php:54)
Stack trace:
#0 /var/www/yii/framework/web/CController.php(869): reportsController->renderFile()
#1 /var/www/yii/framework/web/CController.php(782): reportsController->renderPartial()
#2 /var/www/facsa/protected/controllers/ReportsController.php(128): reportsController->render()
#3 /var/www/yii/framework/web/actions/CInlineAction.php(49): reportsController->actionIndex()
#4 /var/www/yii/framework/web/CController.php(308): CInlineAction->runWithParams()
#5 /var/www/yii/framework/web/filters/CFilterChain.php(133): reportsController->runAction()
#6 /var/www/yii/framework/web/filters/CFilter.php(40): CFilterChain->run()
#7 /var/www/yii/framework/web/CController.php(1145): CAccessControlFilter->filter()
#8 /var/www/yii/framework/web/filters/CInlineFilter.php(58): reportsController->filterAccessControl()
#9 /var/www/yii/framework/web/filters/CFilterChain.php(130): CInlineFilter->filter()
#10 /var/www/yii/framework/web/CController.php(291): CFilterChain->run()
#11 /var/www/yii/framework/web/CController.php(265): reportsController->runActionWithFilters()
#12 /var/www/yii/framework/web/CWebApplication.php(282): reportsController->run()
#13 /var/www/yii/framework/web/CWebApplication.php(141): CWebApplication->runController()
#14 /var/www/yii/framework/base/CApplication.php(180): CWebApplication->processRequest()
#15 /var/www/facsa/index.php(13): CWebApplication->run()
REQUEST_URI=/facsa/index.php?r=reports
in /var/www/facsa/protected/views/reports/index.php (54)
in /var/www/facsa/protected/controllers/ReportsController.php (128)
in /var/www/facsa/index.php (13)
2014/09/30 07:51:25 [error] [exception.CException] exception 'CException' with message 'La propiedad "EOFC2"."setData" no se encuentra definida.' in /var/www/yii/framework/base/CComponent.php:173
Stack trace:
#0 /var/www/facsa/protected/views/reports/index.php(54): CComponent->__set('setData', Array)
#1 /var/www/yii/framework/web/CBaseController.php(126): require('/var/www/facsa/...')
#2 /var/www/yii/framework/web/CBaseController.php(95): CBaseController->renderInternal('/var/www/facsa/...', Array, true)
#3 /var/www/yii/framework/web/CController.php(869): CBaseController->renderFile('/var/www/facsa/...', Array, true)
#4 /var/www/yii/framework/web/CController.php(782): CController->renderPartial('index', Array, true)
#5 /var/www/facsa/protected/controllers/ReportsController.php(128): CController->render('index', Array)
#6 /var/www/yii/framework/web/actions/CInlineAction.php(49): reportsController->actionIndex()
#7 /var/www/yii/framework/web/CController.php(308): CInlineAction->runWithParams(Array)
#8 /var/www/yii/framework/web/filters/CFilterChain.php(133): CController->runAction(Object(CInlineAction))
#9 /var/www/yii/framework/web/filters/CFilter.php(40): CFilterChain->run()
#10 /var/www/yii/framework/web/CController.php(1145): CFilter->filter(Object(CFilterChain))
#11 /var/www/yii/framework/web/filters/CInlineFilter.php(58): CController->filterAccessControl(Object(CFilterChain))
#12 /var/www/yii/framework/web/filters/CFilterChain.php(130): CInlineFilter->filter(Object(CFilterChain))
#13 /var/www/yii/framework/web/CController.php(291): CFilterChain->run()
#14 /var/www/yii/framework/web/CController.php(265): CController->runActionWithFilters(Object(CInlineAction), Array)
#15 /var/www/yii/framework/web/CWebApplication.php(282): CController->run('')
#16 /var/www/yii/framework/web/CWebApplication.php(141): CWebApplication->runController('reports')
#17 /var/www/yii/framework/base/CApplication.php(180): CWebApplication->processRequest()
#18 /var/www/facsa/index.php(13): CApplication->run()
#19 {main}
REQUEST_URI=/facsa/index.php?r=reports
HTTP_REFERER=http://localhost/facsa/index.php
---
2014/09/30 07:51:47 [error] [exception.CException] exception 'CException' with message 'La propiedad "EOFC2"."setData" no se encuentra definida.' in /var/www/yii/framework/base/CComponent.php:173
Stack trace:
#0 /var/www/facsa/protected/views/reports/index.php(54): CComponent->__set('setData', Array)
#1 /var/www/yii/framework/web/CBaseController.php(126): require('/var/www/facsa/...')
#2 /var/www/yii/framework/web/CBaseController.php(95): CBaseController->renderInternal('/var/www/facsa/...', Array, true)
#3 /var/www/yii/framework/web/CController.php(869): CBaseController->renderFile('/var/www/facsa/...', Array, true)
#4 /var/www/yii/framework/web/CController.php(782): CController->renderPartial('index', Array, true)
#5 /var/www/facsa/protected/controllers/ReportsController.php(128): CController->render('index', Array)
#6 /var/www/yii/framework/web/actions/CInlineAction.php(49): reportsController->actionIndex()
#7 /var/www/yii/framework/web/CController.php(308): CInlineAction->runWithParams(Array)
#8 /var/www/yii/framework/web/filters/CFilterChain.php(133): CController->runAction(Object(CInlineAction))
#9 /var/www/yii/framework/web/filters/CFilter.php(40): CFilterChain->run()
#10 /var/www/yii/framework/web/CController.php(1145): CFilter->filter(Object(CFilterChain))
#11 /var/www/yii/framework/web/filters/CInlineFilter.php(58): CController->filterAccessControl(Object(CFilterChain))
#12 /var/www/yii/framework/web/filters/CFilterChain.php(130): CInlineFilter->filter(Object(CFilterChain))
#13 /var/www/yii/framework/web/CController.php(291): CFilterChain->run()
#14 /var/www/yii/framework/web/CController.php(265): CController->runActionWithFilters(Object(CInlineAction), Array)
#15 /var/www/yii/framework/web/CWebApplication.php(282): CController->run('')
#16 /var/www/yii/framework/web/CWebApplication.php(141): CWebApplication->runController('reports')
#17 /var/www/yii/framework/base/CApplication.php(180): CWebApplication->processRequest()
#18 /var/www/facsa/index.php(13): CApplication->run()
#19 {main}
REQUEST_URI=/facsa/index.php?r=reports
HTTP_REFERER=http://localhost/facsa/index.php
---
2014/09/30 07:52:14 [error] [exception.CException] exception 'CException' with message 'La propiedad "EOFC2"."setData" no se encuentra definida.' in /var/www/yii/framework/base/CComponent.php:173
Stack trace:
#0 /var/www/facsa/protected/views/reports/index.php(54): CComponent->__set('setData', Array)
#1 /var/www/yii/framework/web/CBaseController.php(126): require('/var/www/facsa/...')
#2 /var/www/yii/framework/web/CBaseController.php(95): CBaseController->renderInternal('/var/www/facsa/...', Array, true)
#3 /var/www/yii/framework/web/CController.php(869): CBaseController->renderFile('/var/www/facsa/...', Array, true)
#4 /var/www/yii/framework/web/CController.php(782): CController->renderPartial('index', Array, true)
#5 /var/www/facsa/protected/controllers/ReportsController.php(128): CController->render('index', Array)
#6 /var/www/yii/framework/web/actions/CInlineAction.php(49): reportsController->actionIndex()
#7 /var/www/yii/framework/web/CController.php(308): CInlineAction->runWithParams(Array)
#8 /var/www/yii/framework/web/filters/CFilterChain.php(133): CController->runAction(Object(CInlineAction))
#9 /var/www/yii/framework/web/filters/CFilter.php(40): CFilterChain->run()
#10 /var/www/yii/framework/web/CController.php(1145): CFilter->filter(Object(CFilterChain))
#11 /var/www/yii/framework/web/filters/CInlineFilter.php(58): CController->filterAccessControl(Object(CFilterChain))
#12 /var/www/yii/framework/web/filters/CFilterChain.php(130): CInlineFilter->filter(Object(CFilterChain))
#13 /var/www/yii/framework/web/CController.php(291): CFilterChain->run()
#14 /var/www/yii/framework/web/CController.php(265): CController->runActionWithFilters(Object(CInlineAction), Array)
#15 /var/www/yii/framework/web/CWebApplication.php(282): CController->run('')
#16 /var/www/yii/framework/web/CWebApplication.php(141): CWebApplication->runController('reports')
#17 /var/www/yii/framework/base/CApplication.php(180): CWebApplication->processRequest()
#18 /var/www/facsa/index.php(13): CApplication->run()
#19 {main}
REQUEST_URI=/facsa/index.php?r=reports
HTTP_REFERER=http://localhost/facsa/index.php
---
2014/09/30 07:55:51 [error] [system.db.CDbCommand] CDbCommand::fetchColumn() falló: SQLSTATE[42000]: Syntax error or access violation: 1064 You have an error in your SQL syntax; check the manual that corresponds to your MySQL server version for the right syntax to use near 'pais GROUP BY pais) sq' at line 1. La sentencia SQL ejecutada fue: SELECT COUNT(*) FROM (SELECT * FROM `um_controlAlumnos` `t` WHERE pais<>""pais GROUP BY pais) sq.
in /var/www/facsa/protected/views/reports/index.php (37)
in /var/www/facsa/protected/controllers/ReportsController.php (128)
in /var/www/facsa/index.php (13)
2014/09/30 07:55:51 [error] [exception.CDbException] exception 'CDbException' with message 'CDbCommand falló al ejecutar la sentencia SQL: SQLSTATE[42000]: Syntax error or access violation: 1064 You have an error in your SQL syntax; check the manual that corresponds to your MySQL server version for the right syntax to use near 'pais GROUP BY pais) sq' at line 1. The SQL statement executed was: SELECT COUNT(*) FROM (SELECT * FROM `um_controlAlumnos` `t` WHERE pais<>""pais GROUP BY pais) sq' in /var/www/yii/framework/db/CDbCommand.php:543
Stack trace:
#0 /var/www/yii/framework/db/CDbCommand.php(433): CDbCommand->queryInternal('fetchColumn', 0, Array)
#1 /var/www/yii/framework/db/ar/CActiveRecord.php(1601): CDbCommand->queryScalar()
#2 /var/www/facsa/protected/views/reports/index.php(37): CActiveRecord->count(Object(CDbCriteria))
#3 /var/www/yii/framework/web/CBaseController.php(126): require('/var/www/facsa/...')
#4 /var/www/yii/framework/web/CBaseController.php(95): CBaseController->renderInternal('/var/www/facsa/...', Array, true)
#5 /var/www/yii/framework/web/CController.php(869): CBaseController->renderFile('/var/www/facsa/...', Array, true)
#6 /var/www/yii/framework/web/CController.php(782): CController->renderPartial('index', Array, true)
#7 /var/www/facsa/protected/controllers/ReportsController.php(128): CController->render('index', Array)
#8 /var/www/yii/framework/web/actions/CInlineAction.php(49): reportsController->actionIndex()
#9 /var/www/yii/framework/web/CController.php(308): CInlineAction->runWithParams(Array)
#10 /var/www/yii/framework/web/filters/CFilterChain.php(133): CController->runAction(Object(CInlineAction))
#11 /var/www/yii/framework/web/filters/CFilter.php(40): CFilterChain->run()
#12 /var/www/yii/framework/web/CController.php(1145): CFilter->filter(Object(CFilterChain))
#13 /var/www/yii/framework/web/filters/CInlineFilter.php(58): CController->filterAccessControl(Object(CFilterChain))
#14 /var/www/yii/framework/web/filters/CFilterChain.php(130): CInlineFilter->filter(Object(CFilterChain))
#15 /var/www/yii/framework/web/CController.php(291): CFilterChain->run()
#16 /var/www/yii/framework/web/CController.php(265): CController->runActionWithFilters(Object(CInlineAction), Array)
#17 /var/www/yii/framework/web/CWebApplication.php(282): CController->run('')
#18 /var/www/yii/framework/web/CWebApplication.php(141): CWebApplication->runController('reports')
#19 /var/www/yii/framework/base/CApplication.php(180): CWebApplication->processRequest()
#20 /var/www/facsa/index.php(13): CApplication->run()
#21 {main}
REQUEST_URI=/facsa/index.php?r=reports
HTTP_REFERER=http://localhost/facsa/index.php
---
2014/09/30 07:56:59 [error] [system.db.CDbCommand] CDbCommand::fetchColumn() falló: SQLSTATE[42S22]: Column not found: 1054 Unknown column 'paispais' in 'where clause'. La sentencia SQL ejecutada fue: SELECT COUNT(*) FROM (SELECT * FROM `um_controlAlumnos` `t` WHERE paispais GROUP BY pais) sq.
in /var/www/facsa/protected/views/reports/index.php (37)
in /var/www/facsa/protected/controllers/ReportsController.php (128)
in /var/www/facsa/index.php (13)
2014/09/30 07:56:59 [error] [exception.CDbException] exception 'CDbException' with message 'CDbCommand falló al ejecutar la sentencia SQL: SQLSTATE[42S22]: Column not found: 1054 Unknown column 'paispais' in 'where clause'. The SQL statement executed was: SELECT COUNT(*) FROM (SELECT * FROM `um_controlAlumnos` `t` WHERE paispais GROUP BY pais) sq' in /var/www/yii/framework/db/CDbCommand.php:543
Stack trace:
#0 /var/www/yii/framework/db/CDbCommand.php(433): CDbCommand->queryInternal('fetchColumn', 0, Array)
#1 /var/www/yii/framework/db/ar/CActiveRecord.php(1601): CDbCommand->queryScalar()
#2 /var/www/facsa/protected/views/reports/index.php(37): CActiveRecord->count(Object(CDbCriteria))
#3 /var/www/yii/framework/web/CBaseController.php(126): require('/var/www/facsa/...')
#4 /var/www/yii/framework/web/CBaseController.php(95): CBaseController->renderInternal('/var/www/facsa/...', Array, true)
#5 /var/www/yii/framework/web/CController.php(869): CBaseController->renderFile('/var/www/facsa/...', Array, true)
#6 /var/www/yii/framework/web/CController.php(782): CController->renderPartial('index', Array, true)
#7 /var/www/facsa/protected/controllers/ReportsController.php(128): CController->render('index', Array)
#8 /var/www/yii/framework/web/actions/CInlineAction.php(49): reportsController->actionIndex()
#9 /var/www/yii/framework/web/CController.php(308): CInlineAction->runWithParams(Array)
#10 /var/www/yii/framework/web/filters/CFilterChain.php(133): CController->runAction(Object(CInlineAction))
#11 /var/www/yii/framework/web/filters/CFilter.php(40): CFilterChain->run()
#12 /var/www/yii/framework/web/CController.php(1145): CFilter->filter(Object(CFilterChain))
#13 /var/www/yii/framework/web/filters/CInlineFilter.php(58): CController->filterAccessControl(Object(CFilterChain))
#14 /var/www/yii/framework/web/filters/CFilterChain.php(130): CInlineFilter->filter(Object(CFilterChain))
#15 /var/www/yii/framework/web/CController.php(291): CFilterChain->run()
#16 /var/www/yii/framework/web/CController.php(265): CController->runActionWithFilters(Object(CInlineAction), Array)
#17 /var/www/yii/framework/web/CWebApplication.php(282): CController->run('')
#18 /var/www/yii/framework/web/CWebApplication.php(141): CWebApplication->runController('reports')
#19 /var/www/yii/framework/base/CApplication.php(180): CWebApplication->processRequest()
#20 /var/www/facsa/index.php(13): CApplication->run()
#21 {main}
REQUEST_URI=/facsa/index.php?r=reports
HTTP_REFERER=http://localhost/facsa/index.php
---
2014/09/30 08:29:04 [error] [exception.CException] exception 'CException' with message 'El alias "ext.Hzl.google.HzlVisualizationChart" es inválido. Asegúrese de que apunta a un archivo PHP existente y que el archivo tiene permisos de lectura.' in /var/www/yii/framework/YiiBase.php:322
Stack trace:
#0 /var/www/yii/framework/web/CWidgetFactory.php(146): YiiBase::import('ext.Hzl.google....', true)
#1 /var/www/yii/framework/web/CBaseController.php(146): CWidgetFactory->createWidget(Object(reportsController), 'ext.Hzl.google....', Array)
#2 /var/www/yii/framework/web/CBaseController.php(172): CBaseController->createWidget('ext.Hzl.google....', Array)
#3 /var/www/facsa/protected/views/reports/index.php(88): CBaseController->widget('ext.Hzl.google....', Array)
#4 /var/www/yii/framework/web/CBaseController.php(126): require('/var/www/facsa/...')
#5 /var/www/yii/framework/web/CBaseController.php(95): CBaseController->renderInternal('/var/www/facsa/...', Array, true)
#6 /var/www/yii/framework/web/CController.php(869): CBaseController->renderFile('/var/www/facsa/...', Array, true)
#7 /var/www/yii/framework/web/CController.php(782): CController->renderPartial('index', Array, true)
#8 /var/www/facsa/protected/controllers/ReportsController.php(128): CController->render('index', Array)
#9 /var/www/yii/framework/web/actions/CInlineAction.php(49): reportsController->actionIndex()
#10 /var/www/yii/framework/web/CController.php(308): CInlineAction->runWithParams(Array)
#11 /var/www/yii/framework/web/filters/CFilterChain.php(133): CController->runAction(Object(CInlineAction))
#12 /var/www/yii/framework/web/filters/CFilter.php(40): CFilterChain->run()
#13 /var/www/yii/framework/web/CController.php(1145): CFilter->filter(Object(CFilterChain))
#14 /var/www/yii/framework/web/filters/CInlineFilter.php(58): CController->filterAccessControl(Object(CFilterChain))
#15 /var/www/yii/framework/web/filters/CFilterChain.php(130): CInlineFilter->filter(Object(CFilterChain))
#16 /var/www/yii/framework/web/CController.php(291): CFilterChain->run()
#17 /var/www/yii/framework/web/CController.php(265): CController->runActionWithFilters(Object(CInlineAction), Array)
#18 /var/www/yii/framework/web/CWebApplication.php(282): CController->run('')
#19 /var/www/yii/framework/web/CWebApplication.php(141): CWebApplication->runController('reports')
#20 /var/www/yii/framework/base/CApplication.php(180): CWebApplication->processRequest()
#21 /var/www/facsa/index.php(13): CApplication->run()
#22 {main}
REQUEST_URI=/facsa/index.php?r=reports
HTTP_REFERER=http://localhost/facsa/index.php
---
2014/09/30 08:33:28 [error] [exception.CException] exception 'CException' with message 'El alias "ext.Hzl.google.HzlVisualizationChart" es inválido. Asegúrese de que apunta a un archivo PHP existente y que el archivo tiene permisos de lectura.' in /var/www/yii/framework/YiiBase.php:322
Stack trace:
#0 /var/www/yii/framework/web/CWidgetFactory.php(146): YiiBase::import('ext.Hzl.google....', true)
#1 /var/www/yii/framework/web/CBaseController.php(146): CWidgetFactory->createWidget(Object(reportsController), 'ext.Hzl.google....', Array)
#2 /var/www/yii/framework/web/CBaseController.php(172): CBaseController->createWidget('ext.Hzl.google....', Array)
#3 /var/www/facsa/protected/views/reports/index.php(87): CBaseController->widget('ext.Hzl.google....', Array)
#4 /var/www/yii/framework/web/CBaseController.php(126): require('/var/www/facsa/...')
#5 /var/www/yii/framework/web/CBaseController.php(95): CBaseController->renderInternal('/var/www/facsa/...', Array, true)
#6 /var/www/yii/framework/web/CController.php(869): CBaseController->renderFile('/var/www/facsa/...', Array, true)
#7 /var/www/yii/framework/web/CController.php(782): CController->renderPartial('index', Array, true)
#8 /var/www/facsa/protected/controllers/ReportsController.php(128): CController->render('index', Array)
#9 /var/www/yii/framework/web/actions/CInlineAction.php(49): reportsController->actionIndex()
#10 /var/www/yii/framework/web/CController.php(308): CInlineAction->runWithParams(Array)
#11 /var/www/yii/framework/web/filters/CFilterChain.php(133): CController->runAction(Object(CInlineAction))
#12 /var/www/yii/framework/web/filters/CFilter.php(40): CFilterChain->run()
#13 /var/www/yii/framework/web/CController.php(1145): CFilter->filter(Object(CFilterChain))
#14 /var/www/yii/framework/web/filters/CInlineFilter.php(58): CController->filterAccessControl(Object(CFilterChain))
#15 /var/www/yii/framework/web/filters/CFilterChain.php(130): CInlineFilter->filter(Object(CFilterChain))
#16 /var/www/yii/framework/web/CController.php(291): CFilterChain->run()
#17 /var/www/yii/framework/web/CController.php(265): CController->runActionWithFilters(Object(CInlineAction), Array)
#18 /var/www/yii/framework/web/CWebApplication.php(282): CController->run('')
#19 /var/www/yii/framework/web/CWebApplication.php(141): CWebApplication->runController('reports')
#20 /var/www/yii/framework/base/CApplication.php(180): CWebApplication->processRequest()
#21 /var/www/facsa/index.php(13): CApplication->run()
#22 {main}
REQUEST_URI=/facsa/index.php?r=reports
HTTP_REFERER=http://localhost/facsa/index.php
---
2014/09/30 08:33:29 [error] [exception.CException] exception 'CException' with message 'El alias "ext.Hzl.google.HzlVisualizationChart" es inválido. Asegúrese de que apunta a un archivo PHP existente y que el archivo tiene permisos de lectura.' in /var/www/yii/framework/YiiBase.php:322
Stack trace:
#0 /var/www/yii/framework/web/CWidgetFactory.php(146): YiiBase::import('ext.Hzl.google....', true)
#1 /var/www/yii/framework/web/CBaseController.php(146): CWidgetFactory->createWidget(Object(reportsController), 'ext.Hzl.google....', Array)
#2 /var/www/yii/framework/web/CBaseController.php(172): CBaseController->createWidget('ext.Hzl.google....', Array)
#3 /var/www/facsa/protected/views/reports/index.php(87): CBaseController->widget('ext.Hzl.google....', Array)
#4 /var/www/yii/framework/web/CBaseController.php(126): require('/var/www/facsa/...')
#5 /var/www/yii/framework/web/CBaseController.php(95): CBaseController->renderInternal('/var/www/facsa/...', Array, true)
#6 /var/www/yii/framework/web/CController.php(869): CBaseController->renderFile('/var/www/facsa/...', Array, true)
#7 /var/www/yii/framework/web/CController.php(782): CController->renderPartial('index', Array, true)
#8 /var/www/facsa/protected/controllers/ReportsController.php(128): CController->render('index', Array)
#9 /var/www/yii/framework/web/actions/CInlineAction.php(49): reportsController->actionIndex()
#10 /var/www/yii/framework/web/CController.php(308): CInlineAction->runWithParams(Array)
#11 /var/www/yii/framework/web/filters/CFilterChain.php(133): CController->runAction(Object(CInlineAction))
#12 /var/www/yii/framework/web/filters/CFilter.php(40): CFilterChain->run()
#13 /var/www/yii/framework/web/CController.php(1145): CFilter->filter(Object(CFilterChain))
#14 /var/www/yii/framework/web/filters/CInlineFilter.php(58): CController->filterAccessControl(Object(CFilterChain))
#15 /var/www/yii/framework/web/filters/CFilterChain.php(130): CInlineFilter->filter(Object(CFilterChain))
#16 /var/www/yii/framework/web/CController.php(291): CFilterChain->run()
#17 /var/www/yii/framework/web/CController.php(265): CController->runActionWithFilters(Object(CInlineAction), Array)
#18 /var/www/yii/framework/web/CWebApplication.php(282): CController->run('')
#19 /var/www/yii/framework/web/CWebApplication.php(141): CWebApplication->runController('reports')
#20 /var/www/yii/framework/base/CApplication.php(180): CWebApplication->processRequest()
#21 /var/www/facsa/index.php(13): CApplication->run()
#22 {main}
REQUEST_URI=/facsa/index.php?r=reports
HTTP_REFERER=http://localhost/facsa/index.php
---
2014/09/30 08:33:51 [error] [exception.CException] exception 'CException' with message 'El alias "application.ext.Hzl.google.HzlVisualizationChart" es inválido. Asegúrese de que apunta a un archivo PHP existente y que el archivo tiene permisos de lectura.' in /var/www/yii/framework/YiiBase.php:322
Stack trace:
#0 /var/www/yii/framework/web/CWidgetFactory.php(146): YiiBase::import('application.ext...', true)
#1 /var/www/yii/framework/web/CBaseController.php(146): CWidgetFactory->createWidget(Object(reportsController), 'application.ext...', Array)
#2 /var/www/yii/framework/web/CBaseController.php(172): CBaseController->createWidget('application.ext...', Array)
#3 /var/www/facsa/protected/views/reports/index.php(87): CBaseController->widget('application.ext...', Array)
#4 /var/www/yii/framework/web/CBaseController.php(126): require('/var/www/facsa/...')
#5 /var/www/yii/framework/web/CBaseController.php(95): CBaseController->renderInternal('/var/www/facsa/...', Array, true)
#6 /var/www/yii/framework/web/CController.php(869): CBaseController->renderFile('/var/www/facsa/...', Array, true)
#7 /var/www/yii/framework/web/CController.php(782): CController->renderPartial('index', Array, true)
#8 /var/www/facsa/protected/controllers/ReportsController.php(128): CController->render('index', Array)
#9 /var/www/yii/framework/web/actions/CInlineAction.php(49): reportsController->actionIndex()
#10 /var/www/yii/framework/web/CController.php(308): CInlineAction->runWithParams(Array)
#11 /var/www/yii/framework/web/filters/CFilterChain.php(133): CController->runAction(Object(CInlineAction))
#12 /var/www/yii/framework/web/filters/CFilter.php(40): CFilterChain->run()
#13 /var/www/yii/framework/web/CController.php(1145): CFilter->filter(Object(CFilterChain))
#14 /var/www/yii/framework/web/filters/CInlineFilter.php(58): CController->filterAccessControl(Object(CFilterChain))
#15 /var/www/yii/framework/web/filters/CFilterChain.php(130): CInlineFilter->filter(Object(CFilterChain))
#16 /var/www/yii/framework/web/CController.php(291): CFilterChain->run()
#17 /var/www/yii/framework/web/CController.php(265): CController->runActionWithFilters(Object(CInlineAction), Array)
#18 /var/www/yii/framework/web/CWebApplication.php(282): CController->run('')
#19 /var/www/yii/framework/web/CWebApplication.php(141): CWebApplication->runController('reports')
#20 /var/www/yii/framework/base/CApplication.php(180): CWebApplication->processRequest()
#21 /var/www/facsa/index.php(13): CApplication->run()
#22 {main}
REQUEST_URI=/facsa/index.php?r=reports
HTTP_REFERER=http://localhost/facsa/index.php
---
2014/09/30 08:34:24 [error] [exception.CException] exception 'CException' with message 'El alias "application.ext.Hzl.google.HzlVisualizationChart" es inválido. Asegúrese de que apunta a un archivo PHP existente y que el archivo tiene permisos de lectura.' in /var/www/yii/framework/YiiBase.php:322
Stack trace:
#0 /var/www/yii/framework/web/CWidgetFactory.php(146): YiiBase::import('application.ext...', true)
#1 /var/www/yii/framework/web/CBaseController.php(146): CWidgetFactory->createWidget(Object(reportsController), 'application.ext...', Array)
#2 /var/www/yii/framework/web/CBaseController.php(172): CBaseController->createWidget('application.ext...', Array)
#3 /var/www/facsa/protected/views/reports/index.php(87): CBaseController->widget('application.ext...', Array)
#4 /var/www/yii/framework/web/CBaseController.php(126): require('/var/www/facsa/...')
#5 /var/www/yii/framework/web/CBaseController.php(95): CBaseController->renderInternal('/var/www/facsa/...', Array, true)
#6 /var/www/yii/framework/web/CController.php(869): CBaseController->renderFile('/var/www/facsa/...', Array, true)
#7 /var/www/yii/framework/web/CController.php(782): CController->renderPartial('index', Array, true)
#8 /var/www/facsa/protected/controllers/ReportsController.php(128): CController->render('index', Array)
#9 /var/www/yii/framework/web/actions/CInlineAction.php(49): reportsController->actionIndex()
#10 /var/www/yii/framework/web/CController.php(308): CInlineAction->runWithParams(Array)
#11 /var/www/yii/framework/web/filters/CFilterChain.php(133): CController->runAction(Object(CInlineAction))
#12 /var/www/yii/framework/web/filters/CFilter.php(40): CFilterChain->run()
#13 /var/www/yii/framework/web/CController.php(1145): CFilter->filter(Object(CFilterChain))
#14 /var/www/yii/framework/web/filters/CInlineFilter.php(58): CController->filterAccessControl(Object(CFilterChain))
#15 /var/www/yii/framework/web/filters/CFilterChain.php(130): CInlineFilter->filter(Object(CFilterChain))
#16 /var/www/yii/framework/web/CController.php(291): CFilterChain->run()
#17 /var/www/yii/framework/web/CController.php(265): CController->runActionWithFilters(Object(CInlineAction), Array)
#18 /var/www/yii/framework/web/CWebApplication.php(282): CController->run('')
#19 /var/www/yii/framework/web/CWebApplication.php(141): CWebApplication->runController('reports')
#20 /var/www/yii/framework/base/CApplication.php(180): CWebApplication->processRequest()
#21 /var/www/facsa/index.php(13): CApplication->run()
#22 {main}
REQUEST_URI=/facsa/index.php?r=reports
HTTP_REFERER=http://localhost/facsa/index.php
---
2014/09/30 08:34:31 [error] [exception.CException] exception 'CException' with message 'El alias "application.extensions.Hzl.google.HzlVisualizationChart" es inválido. Asegúrese de que apunta a un archivo PHP existente y que el archivo tiene permisos de lectura.' in /var/www/yii/framework/YiiBase.php:322
Stack trace:
#0 /var/www/yii/framework/web/CWidgetFactory.php(146): YiiBase::import('application.ext...', true)
#1 /var/www/yii/framework/web/CBaseController.php(146): CWidgetFactory->createWidget(Object(reportsController), 'application.ext...', Array)
#2 /var/www/yii/framework/web/CBaseController.php(172): CBaseController->createWidget('application.ext...', Array)
#3 /var/www/facsa/protected/views/reports/index.php(87): CBaseController->widget('application.ext...', Array)
#4 /var/www/yii/framework/web/CBaseController.php(126): require('/var/www/facsa/...')
#5 /var/www/yii/framework/web/CBaseController.php(95): CBaseController->renderInternal('/var/www/facsa/...', Array, true)
#6 /var/www/yii/framework/web/CController.php(869): CBaseController->renderFile('/var/www/facsa/...', Array, true)
#7 /var/www/yii/framework/web/CController.php(782): CController->renderPartial('index', Array, true)
#8 /var/www/facsa/protected/controllers/ReportsController.php(128): CController->render('index', Array)
#9 /var/www/yii/framework/web/actions/CInlineAction.php(49): reportsController->actionIndex()
#10 /var/www/yii/framework/web/CController.php(308): CInlineAction->runWithParams(Array)
#11 /var/www/yii/framework/web/filters/CFilterChain.php(133): CController->runAction(Object(CInlineAction))
#12 /var/www/yii/framework/web/filters/CFilter.php(40): CFilterChain->run()
#13 /var/www/yii/framework/web/CController.php(1145): CFilter->filter(Object(CFilterChain))
#14 /var/www/yii/framework/web/filters/CInlineFilter.php(58): CController->filterAccessControl(Object(CFilterChain))
#15 /var/www/yii/framework/web/filters/CFilterChain.php(130): CInlineFilter->filter(Object(CFilterChain))
#16 /var/www/yii/framework/web/CController.php(291): CFilterChain->run()
#17 /var/www/yii/framework/web/CController.php(265): CController->runActionWithFilters(Object(CInlineAction), Array)
#18 /var/www/yii/framework/web/CWebApplication.php(282): CController->run('')
#19 /var/www/yii/framework/web/CWebApplication.php(141): CWebApplication->runController('reports')
#20 /var/www/yii/framework/base/CApplication.php(180): CWebApplication->processRequest()
#21 /var/www/facsa/index.php(13): CApplication->run()
#22 {main}
REQUEST_URI=/facsa/index.php?r=reports
HTTP_REFERER=http://localhost/facsa/index.php
---
2014/09/30 08:36:16 [error] [exception.CException] exception 'CException' with message 'El alias "application.extensions.Hzl.google.HzlVisualizationChart" es inválido. Asegúrese de que apunta a un archivo PHP existente y que el archivo tiene permisos de lectura.' in /var/www/yii/framework/YiiBase.php:322
Stack trace:
#0 /var/www/yii/framework/web/CWidgetFactory.php(146): YiiBase::import('application.ext...', true)
#1 /var/www/yii/framework/web/CBaseController.php(146): CWidgetFactory->createWidget(Object(reportsController), 'application.ext...', Array)
#2 /var/www/yii/framework/web/CBaseController.php(172): CBaseController->createWidget('application.ext...', Array)
#3 /var/www/facsa/protected/views/reports/index.php(87): CBaseController->widget('application.ext...', Array)
#4 /var/www/yii/framework/web/CBaseController.php(126): require('/var/www/facsa/...')
#5 /var/www/yii/framework/web/CBaseController.php(95): CBaseController->renderInternal('/var/www/facsa/...', Array, true)
#6 /var/www/yii/framework/web/CController.php(869): CBaseController->renderFile('/var/www/facsa/...', Array, true)
#7 /var/www/yii/framework/web/CController.php(782): CController->renderPartial('index', Array, true)
#8 /var/www/facsa/protected/controllers/ReportsController.php(128): CController->render('index', Array)
#9 /var/www/yii/framework/web/actions/CInlineAction.php(49): reportsController->actionIndex()
#10 /var/www/yii/framework/web/CController.php(308): CInlineAction->runWithParams(Array)
#11 /var/www/yii/framework/web/filters/CFilterChain.php(133): CController->runAction(Object(CInlineAction))
#12 /var/www/yii/framework/web/filters/CFilter.php(40): CFilterChain->run()
#13 /var/www/yii/framework/web/CController.php(1145): CFilter->filter(Object(CFilterChain))
#14 /var/www/yii/framework/web/filters/CInlineFilter.php(58): CController->filterAccessControl(Object(CFilterChain))
#15 /var/www/yii/framework/web/filters/CFilterChain.php(130): CInlineFilter->filter(Object(CFilterChain))
#16 /var/www/yii/framework/web/CController.php(291): CFilterChain->run()
#17 /var/www/yii/framework/web/CController.php(265): CController->runActionWithFilters(Object(CInlineAction), Array)
#18 /var/www/yii/framework/web/CWebApplication.php(282): CController->run('')
#19 /var/www/yii/framework/web/CWebApplication.php(141): CWebApplication->runController('reports')
#20 /var/www/yii/framework/base/CApplication.php(180): CWebApplication->processRequest()
#21 /var/www/facsa/index.php(13): CApplication->run()
#22 {main}
REQUEST_URI=/facsa/index.php?r=reports
HTTP_REFERER=http://localhost/facsa/index.php
---
2014/09/30 08:40:49 [error] [exception.CException] exception 'CException' with message 'El alias "ext.Hzl.google.HzlVisualizationChart" es inválido. Asegúrese de que apunta a un archivo PHP existente y que el archivo tiene permisos de lectura.' in /var/www/yii/framework/YiiBase.php:322
Stack trace:
#0 /var/www/yii/framework/web/CWidgetFactory.php(146): YiiBase::import('ext.Hzl.google....', true)
#1 /var/www/yii/framework/web/CBaseController.php(146): CWidgetFactory->createWidget(Object(reportsController), 'ext.Hzl.google....', Array)
#2 /var/www/yii/framework/web/CBaseController.php(172): CBaseController->createWidget('ext.Hzl.google....', Array)
#3 /var/www/facsa/protected/views/reports/index.php(84): CBaseController->widget('ext.Hzl.google....', Array)
#4 /var/www/yii/framework/web/CBaseController.php(126): require('/var/www/facsa/...')
#5 /var/www/yii/framework/web/CBaseController.php(95): CBaseController->renderInternal('/var/www/facsa/...', Array, true)
#6 /var/www/yii/framework/web/CController.php(869): CBaseController->renderFile('/var/www/facsa/...', Array, true)
#7 /var/www/yii/framework/web/CController.php(782): CController->renderPartial('index', Array, true)
#8 /var/www/facsa/protected/controllers/ReportsController.php(128): CController->render('index', Array)
#9 /var/www/yii/framework/web/actions/CInlineAction.php(49): reportsController->actionIndex()
#10 /var/www/yii/framework/web/CController.php(308): CInlineAction->runWithParams(Array)
#11 /var/www/yii/framework/web/filters/CFilterChain.php(133): CController->runAction(Object(CInlineAction))
#12 /var/www/yii/framework/web/filters/CFilter.php(40): CFilterChain->run()
#13 /var/www/yii/framework/web/CController.php(1145): CFilter->filter(Object(CFilterChain))
#14 /var/www/yii/framework/web/filters/CInlineFilter.php(58): CController->filterAccessControl(Object(CFilterChain))
#15 /var/www/yii/framework/web/filters/CFilterChain.php(130): CInlineFilter->filter(Object(CFilterChain))
#16 /var/www/yii/framework/web/CController.php(291): CFilterChain->run()
#17 /var/www/yii/framework/web/CController.php(265): CController->runActionWithFilters(Object(CInlineAction), Array)
#18 /var/www/yii/framework/web/CWebApplication.php(282): CController->run('')
#19 /var/www/yii/framework/web/CWebApplication.php(141): CWebApplication->runController('reports')
#20 /var/www/yii/framework/base/CApplication.php(180): CWebApplication->processRequest()
#21 /var/www/facsa/index.php(13): CApplication->run()
#22 {main}
REQUEST_URI=/facsa/index.php?r=reports
HTTP_REFERER=http://localhost/facsa/index.php
---
2014/09/30 08:41:00 [error] [exception.CException] exception 'CException' with message 'El alias "application.ext.Hzl.google.HzlVisualizationChart" es inválido. Asegúrese de que apunta a un archivo PHP existente y que el archivo tiene permisos de lectura.' in /var/www/yii/framework/YiiBase.php:322
Stack trace:
#0 /var/www/yii/framework/web/CWidgetFactory.php(146): YiiBase::import('application.ext...', true)
#1 /var/www/yii/framework/web/CBaseController.php(146): CWidgetFactory->createWidget(Object(reportsController), 'application.ext...', Array)
#2 /var/www/yii/framework/web/CBaseController.php(172): CBaseController->createWidget('application.ext...', Array)
#3 /var/www/facsa/protected/views/reports/index.php(84): CBaseController->widget('application.ext...', Array)
#4 /var/www/yii/framework/web/CBaseController.php(126): require('/var/www/facsa/...')
#5 /var/www/yii/framework/web/CBaseController.php(95): CBaseController->renderInternal('/var/www/facsa/...', Array, true)
#6 /var/www/yii/framework/web/CController.php(869): CBaseController->renderFile('/var/www/facsa/...', Array, true)
#7 /var/www/yii/framework/web/CController.php(782): CController->renderPartial('index', Array, true)
#8 /var/www/facsa/protected/controllers/ReportsController.php(128): CController->render('index', Array)
#9 /var/www/yii/framework/web/actions/CInlineAction.php(49): reportsController->actionIndex()
#10 /var/www/yii/framework/web/CController.php(308): CInlineAction->runWithParams(Array)
#11 /var/www/yii/framework/web/filters/CFilterChain.php(133): CController->runAction(Object(CInlineAction))
#12 /var/www/yii/framework/web/filters/CFilter.php(40): CFilterChain->run()
#13 /var/www/yii/framework/web/CController.php(1145): CFilter->filter(Object(CFilterChain))
#14 /var/www/yii/framework/web/filters/CInlineFilter.php(58): CController->filterAccessControl(Object(CFilterChain))
#15 /var/www/yii/framework/web/filters/CFilterChain.php(130): CInlineFilter->filter(Object(CFilterChain))
#16 /var/www/yii/framework/web/CController.php(291): CFilterChain->run()
#17 /var/www/yii/framework/web/CController.php(265): CController->runActionWithFilters(Object(CInlineAction), Array)
#18 /var/www/yii/framework/web/CWebApplication.php(282): CController->run('')
#19 /var/www/yii/framework/web/CWebApplication.php(141): CWebApplication->runController('reports')
#20 /var/www/yii/framework/base/CApplication.php(180): CWebApplication->processRequest()
#21 /var/www/facsa/index.php(13): CApplication->run()
#22 {main}
REQUEST_URI=/facsa/index.php?r=reports
HTTP_REFERER=http://localhost/facsa/index.php
---
2014/09/30 08:41:17 [error] [exception.CException] exception 'CException' with message 'El alias "application.extensions.Hzl.google.HzlVisualizationChart" es inválido. Asegúrese de que apunta a un archivo PHP existente y que el archivo tiene permisos de lectura.' in /var/www/yii/framework/YiiBase.php:322
Stack trace:
#0 /var/www/yii/framework/web/CWidgetFactory.php(146): YiiBase::import('application.ext...', true)
#1 /var/www/yii/framework/web/CBaseController.php(146): CWidgetFactory->createWidget(Object(reportsController), 'application.ext...', Array)
#2 /var/www/yii/framework/web/CBaseController.php(172): CBaseController->createWidget('application.ext...', Array)
#3 /var/www/facsa/protected/views/reports/index.php(84): CBaseController->widget('application.ext...', Array)
#4 /var/www/yii/framework/web/CBaseController.php(126): require('/var/www/facsa/...')
#5 /var/www/yii/framework/web/CBaseController.php(95): CBaseController->renderInternal('/var/www/facsa/...', Array, true)
#6 /var/www/yii/framework/web/CController.php(869): CBaseController->renderFile('/var/www/facsa/...', Array, true)
#7 /var/www/yii/framework/web/CController.php(782): CController->renderPartial('index', Array, true)
#8 /var/www/facsa/protected/controllers/ReportsController.php(128): CController->render('index', Array)
#9 /var/www/yii/framework/web/actions/CInlineAction.php(49): reportsController->actionIndex()
#10 /var/www/yii/framework/web/CController.php(308): CInlineAction->runWithParams(Array)
#11 /var/www/yii/framework/web/filters/CFilterChain.php(133): CController->runAction(Object(CInlineAction))
#12 /var/www/yii/framework/web/filters/CFilter.php(40): CFilterChain->run()
#13 /var/www/yii/framework/web/CController.php(1145): CFilter->filter(Object(CFilterChain))
#14 /var/www/yii/framework/web/filters/CInlineFilter.php(58): CController->filterAccessControl(Object(CFilterChain))
#15 /var/www/yii/framework/web/filters/CFilterChain.php(130): CInlineFilter->filter(Object(CFilterChain))
#16 /var/www/yii/framework/web/CController.php(291): CFilterChain->run()
#17 /var/www/yii/framework/web/CController.php(265): CController->runActionWithFilters(Object(CInlineAction), Array)
#18 /var/www/yii/framework/web/CWebApplication.php(282): CController->run('')
#19 /var/www/yii/framework/web/CWebApplication.php(141): CWebApplication->runController('reports')
#20 /var/www/yii/framework/base/CApplication.php(180): CWebApplication->processRequest()
#21 /var/www/facsa/index.php(13): CApplication->run()
#22 {main}
REQUEST_URI=/facsa/index.php?r=reports
HTTP_REFERER=http://localhost/facsa/index.php
---
